<?xml version="1.0" encoding="UTF-8"?>
<!-- Generated by org.testng.reporters.JUnitReportReporter -->
<testsuite hostname="LAPTOP-3DP5VK6O" name="CustomNameTest" tests="6" failures="0" timestamp="15 Jul 2018 15:46:46 GMT" time="0.020" errors="0">
  <testcase name="modifyCustomerTest" time="0.002" classname="CustomNameTest"/>
  <testcase name="modifyCustomerTest" time="0.001" classname="CustomNameTest"/>
  <testcase name="CreateCustomerTest" time="0.013" classname="CustomNameTest"/>
  <testcase name="deleteCustomerTest" time="0.002" classname="CustomNameTest"/>
  <testcase name="modifyCustomerTest" time="0.001" classname="CustomNameTest"/>
  <testcase name="modifyCustomerTest" time="0.001" classname="CustomNameTest"/>
</testsuite> <!-- CustomNameTest -->
