<?xml version="1.0" encoding="UTF-8"?>
<!-- Generated by org.testng.reporters.JUnitReportReporter -->
<testsuite hostname="LAPTOP-3DP5VK6O" name="ScrrenShotTest" tests="1" failures="0" timestamp="19 Jul 2018 08:12:18 GMT" time="14.680" errors="0">
  <testcase name="CreateCustomerTest" time="14.680" classname="ScrrenShotTest"/>
</testsuite> <!-- ScrrenShotTest -->
