<?xml version="1.0" encoding="UTF-8"?>
<!-- Generated by org.testng.reporters.JUnitReportReporter -->
<testsuite hostname="LAPTOP-3DP5VK6O" name="com.acttime.usertest.UserTest" tests="1" failures="0" timestamp="18 Jul 2018 11:36:24 GMT" time="0.001" errors="0">
  <testcase name="CreateUserTest" time="0.001" classname="com.acttime.usertest.UserTest"/>
</testsuite> <!-- com.acttime.usertest.UserTest -->
