<?xml version="1.0" encoding="UTF-8"?>
<!-- Generated by org.testng.reporters.JUnitReportReporter -->
<testsuite hostname="LAPTOP-3DP5VK6O" name="CustomerTest" tests="3" failures="0" timestamp="18 Jul 2018 09:39:44 GMT" time="0.017" errors="0">
  <testcase name="deleteCustomerTest" time="0.003" classname="CustomerTest"/>
  <testcase name="CreateCustomerTest" time="0.008" classname="CustomerTest"/>
  <testcase name="modifyCustomerTest" time="0.006" classname="CustomerTest"/>
</testsuite> <!-- CustomerTest -->
