<?xml version="1.0" encoding="UTF-8"?>
<!-- Generated by org.testng.reporters.JUnitXMLReporter -->
<testsuite hostname="LAPTOP-3DP5VK6O" name="Test-Runner-2" tests="3" failures="0" timestamp="18 Jul 2018 12:11:12 GMT" time="16.788" errors="0">
  <testcase name="CreateProjectTest" time="16.766" classname="com.acttime.projecttest.ProjectTest"/>
  <testcase name="deleteCustomerTest" time="0.001" classname="com.acttime.projecttest.ProjectTest"/>
  <testcase name="modifyProjectTest" time="0.001" classname="com.acttime.projecttest.ProjectTest"/>
</testsuite> <!-- Test-Runner-2 -->
