<?xml version="1.0" encoding="UTF-8"?>
<!-- Generated by org.testng.reporters.JUnitXMLReporter -->
<testsuite hostname="LAPTOP-3DP5VK6O" name="Test-Runner-chrome" tests="3" failures="0" timestamp="18 Jul 2018 13:18:50 GMT" time="21.087" errors="0">
  <testcase name="CreateCustomerTest" time="12.525" classname="com.acttime.customertest.CustomerTest"/>
  <testcase name="deleteCustomerTest" time="0.001" classname="com.acttime.customertest.CustomerTest"/>
  <testcase name="modifyCustomerTest" time="0.001" classname="com.acttime.customertest.CustomerTest"/>
</testsuite> <!-- Test-Runner-chrome -->
