<?xml version="1.0" encoding="UTF-8"?>
<!-- Generated by org.testng.reporters.JUnitXMLReporter -->
<testsuite hostname="LAPTOP-3DP5VK6O" name="Test-Runner-1" tests="3" failures="0" timestamp="18 Jul 2018 12:11:03 GMT" time="8.242" errors="0">
  <testcase name="CreateCustomerTest" time="8.214" classname="com.acttime.customertest.CustomerTest"/>
  <testcase name="deleteCustomerTest" time="0.0" classname="com.acttime.customertest.CustomerTest"/>
  <testcase name="modifyCustomerTest" time="0.002" classname="com.acttime.customertest.CustomerTest"/>
</testsuite> <!-- Test-Runner-1 -->
